Error: missing newline in X:\Проекты\LoadrunnerHW\Скрипты\Пятое задание(Итоговое)\parameters\type.csv	[MsgId: MERR-13874]
Error: missing newline in X:\Проекты\LoadrunnerHW\Скрипты\Пятое задание(Итоговое)\parameters\city.csv	[MsgId: MERR-13874]
Error: missing newline in X:\Проекты\LoadrunnerHW\Скрипты\Пятое задание(Итоговое)\parameters\seat.csv	[MsgId: MERR-13874]
Start auto log messages stack - Iteration 2.	[MsgId: MMSG-10545]
Action.c(92): web_add_auto_header("Origin") started  	[MsgId: MMSG-26355]
Action.c(92): web_add_auto_header("Origin") was successful  	[MsgId: MMSG-26392]
Action.c(95): Notify: Transaction "3_searchFlights" ended with a "Pass" status (Duration: 0,1282 Wasted Time: 0,0000).	[MsgId: MMSG-16871]
Action.c(98): lr_think_time: 45,00 seconds.	[MsgId: MMSG-15948]
Action.c(100): Notify: Transaction "4_flightsParam" started.	[MsgId: MMSG-16999]
Action.c(102): web_reg_save_param_regexp started  	[MsgId: MMSG-26355]
Action.c(102): Registering web_reg_save_param_regexp was successful  	[MsgId: MMSG-26390]
Action.c(110): web_reg_find started  	[MsgId: MMSG-26355]
Action.c(110): Registering web_reg_find was successful  	[MsgId: MMSG-26390]
Action.c(113): web_submit_form("reservations.pl") started  	[MsgId: MMSG-26355]
Action.c(113): Error -27979: Requested form not found  	[MsgId: MERR-27979]
End auto log messages stack.	[MsgId: MMSG-10544]


Start auto log messages stack - Iteration 2.	[MsgId: MMSG-10545]
Action.c(113): Warning -26379: Pending web_reg_save_param/web_reg_find/web_create_html_param/web_create_html_param_ex request(s) are deleted and will be handled as "not found"  	[MsgId: MWAR-26379]
Action.c(113): Error -26366: "Text=<title>Flight Selections</title>" not found for web_reg_find  	[MsgId: MERR-26366]
Action.c(113): Error -26374: The above "not found" error(s) may be explained by header and body byte counts being 0 and 0, respectively.  	[MsgId: MERR-26374]
End auto log messages stack.	[MsgId: MMSG-10544]


